<?xml version="1.0" encoding="utf-8"?><testsuite errors="0" failures="0" name="pytest" skipped="0" tests="3" time="17.158"><testcase classname="bdd.group_scenarios" file="bdd\group_scenarios.py" line="3" name="test_add_new_group[name1-header1-footer1]" time="11.243"></testcase><testcase classname="bdd.group_scenarios" file="bdd\group_scenarios.py" line="3" name="test_add_new_group[name2-header2-footer2]" time="1.303"></testcase><testcase classname="bdd.group_scenarios" file="bdd\group_scenarios.py" line="7" name="test_delete_group" time="4.024"></testcase></testsuite>